TN:
SF:src/app.js
FN:5,_interopRequireDefault
FNF:1
FNH:1
FNDA:3,_interopRequireDefault
DA:1,1
DA:2,1
DA:3,1
DA:4,1
DA:5,3
DA:7,1
DA:9,1
DA:11,1
DA:13,1
DA:15,1
LF:10
LH:10
BRDA:5,0,0,5
BRDA:5,0,1,4
BRDA:7,1,0,1
BRDA:7,1,1,0
BRF:4
BRH:3
end_of_record
TN:
SF:src/config/setup.js
FNF:0
FNH:0
DA:1,1
DA:5,1
DA:7,1
DA:12,1
LF:4
LH:4
BRDA:12,0,0,1
BRDA:12,0,1,0
BRF:2
BRH:1
end_of_record
TN:
SF:src/config/db/index.js
FN:6,_interopRequireDefault
FN:11,(anonymous_1)
FN:11,(anonymous_2)
FN:13,(anonymous_3)
FN:16,(anonymous_4)
FN:16,(anonymous_5)
FN:21,(anonymous_6)
FN:27,(anonymous_7)
FNF:8
FNH:5
FNDA:4,_interopRequireDefault
FNDA:1,(anonymous_1)
FNDA:1,(anonymous_2)
FNDA:1,(anonymous_3)
FNDA:0,(anonymous_4)
FNDA:0,(anonymous_5)
FNDA:1,(anonymous_6)
FNDA:0,(anonymous_7)
DA:1,1
DA:2,1
DA:3,1
DA:4,1
DA:5,1
DA:6,4
DA:8,1
DA:9,1
DA:11,1
DA:12,1
DA:13,1
DA:14,1
DA:15,1
DA:16,1
DA:17,0
DA:19,1
DA:22,1
DA:28,0
DA:31,1
DA:32,1
LF:20
LH:18
BRDA:6,0,0,5
BRDA:6,0,1,7
BRDA:12,1,0,1
BRDA:12,1,1,0
BRF:4
BRH:3
end_of_record
TN:
SF:src/config/env/development.js
FNF:0
FNH:0
DA:1,1
DA:16,1
DA:18,1
DA:31,1
LF:4
LH:4
BRF:0
BRH:0
end_of_record
TN:
SF:src/config/env/index.js
FN:4,_interopRequireDefault
FNF:1
FNH:1
FNDA:4,_interopRequireDefault
DA:1,1
DA:2,1
DA:3,1
DA:4,4
LF:4
LH:4
BRDA:4,0,0,8
BRDA:4,0,1,4
BRF:2
BRH:2
end_of_record
TN:
SF:src/config/env/production.js
FNF:0
FNH:0
DA:1,1
DA:16,1
DA:18,1
DA:31,1
LF:4
LH:4
BRF:0
BRH:0
end_of_record
TN:
SF:src/config/env/staging.js
FNF:0
FNH:0
DA:1,1
DA:16,1
DA:18,1
DA:31,1
LF:4
LH:4
BRF:0
BRH:0
end_of_record
TN:
SF:src/config/env/test.js
FNF:0
FNH:0
DA:1,1
DA:16,1
DA:18,1
DA:31,1
LF:4
LH:4
BRF:0
BRH:0
end_of_record
TN:
SF:src/config/express/index.js
FN:7,_interopRequireDefault
FN:11,(anonymous_1)
FN:26,(anonymous_2)
FN:32,(anonymous_3)
FNF:4
FNH:3
FNDA:4,_interopRequireDefault
FNDA:1,(anonymous_1)
FNDA:1,(anonymous_2)
FNDA:0,(anonymous_3)
DA:1,1
DA:2,1
DA:3,1
DA:4,1
DA:5,1
DA:6,1
DA:7,4
DA:9,1
DA:11,1
DA:12,1
DA:13,1
DA:19,1
DA:20,1
DA:24,1
DA:26,1
DA:27,1
DA:32,1
DA:33,1
DA:36,1
LF:19
LH:19
BRDA:7,0,0,7
BRDA:7,0,1,5
BRF:2
BRH:2
end_of_record
TN:
SF:src/config/logger/index.js
FN:4,_interopRequireDefault
FN:15,(anonymous_1)
FN:24,(anonymous_2)
FN:40,(anonymous_3)
FN:56,(anonymous_4)
FNF:5
FNH:3
FNDA:3,_interopRequireDefault
FNDA:3,(anonymous_1)
FNDA:0,(anonymous_2)
FNDA:0,(anonymous_3)
FNDA:3,(anonymous_4)
DA:1,1
DA:2,1
DA:3,1
DA:4,3
DA:6,1
DA:15,1
DA:16,3
DA:17,3
DA:18,3
DA:20,0
DA:23,1
DA:25,0
DA:26,0
DA:27,0
DA:28,0
DA:30,0
DA:31,0
DA:32,0
DA:33,0
DA:34,0
DA:35,0
DA:36,0
DA:41,0
DA:42,0
DA:43,0
DA:44,0
DA:46,0
DA:47,0
DA:48,0
DA:49,0
DA:50,0
DA:51,0
DA:52,0
DA:57,3
DA:58,3
DA:59,3
DA:60,0
DA:62,3
DA:63,3
DA:64,3
DA:65,3
DA:66,3
DA:67,3
DA:68,0
DA:72,1
LF:45
LH:20
BRDA:4,0,0,4
BRDA:4,0,1,5
BRDA:16,1,0,3
BRDA:16,1,1,0
BRDA:24,2,0,0
BRDA:25,3,0,0
BRDA:25,3,1,0
BRDA:27,4,0,0
BRDA:27,4,1,0
BRDA:35,5,0,0
BRDA:35,5,1,0
BRDA:40,6,0,0
BRDA:41,7,0,0
BRDA:41,7,1,0
BRDA:43,8,0,0
BRDA:43,8,1,0
BRDA:51,9,0,0
BRDA:51,9,1,0
BRDA:56,10,0,0
BRDA:57,11,0,3
BRDA:57,11,1,0
BRDA:59,12,0,0
BRDA:59,12,1,3
BRDA:67,13,0,0
BRDA:67,13,1,3
BRF:25
BRH:6
end_of_record
TN:
SF:src/config/router/index.js
FN:1,_interopRequireDefault
FN:3,(anonymous_1)
FNF:2
FNH:2
FNDA:1,_interopRequireDefault
FNDA:1,(anonymous_1)
DA:1,1
DA:3,1
DA:4,1
DA:7,1
LF:4
LH:4
BRDA:1,0,0,2
BRDA:1,0,1,1
BRF:2
BRH:2
end_of_record
TN:
SF:src/config/router/v1.js
FNF:0
FNH:0
DA:1,1
DA:3,1
DA:5,1
LF:3
LH:3
BRF:0
BRH:0
end_of_record
TN:
SF:src/lib/enums/index.js
FN:3,_getRequireWildcardCache
FNF:1
FNH:1
FNDA:3,_getRequireWildcardCache
DA:1,1
DA:2,1
DA:3,6
DA:5,1
DA:9,1
LF:5
LH:5
BRDA:3,0,0,3
BRDA:3,0,1,0
BRDA:3,1,0,3
BRDA:3,1,1,3
BRDA:3,1,2,3
BRF:5
BRH:4
end_of_record
TN:
SF:src/lib/enums/lib.enums.labels.js
FNF:0
FNH:0
DA:1,1
DA:2,1
LF:2
LH:2
BRF:0
BRH:0
end_of_record
TN:
SF:src/lib/enums/lib.enums.message.js
FN:3,(anonymous_0)
FN:4,(anonymous_1)
FN:5,(anonymous_2)
FNF:3
FNH:0
FNDA:0,(anonymous_0)
FNDA:0,(anonymous_1)
FNDA:0,(anonymous_2)
DA:2,1
DA:3,1
DA:4,1
DA:5,1
LF:4
LH:4
BRF:0
BRH:0
end_of_record
TN:
SF:src/lib/enums/lib.enums.status.js
FNF:0
FNH:0
DA:1,1
DA:2,1
DA:3,1
DA:4,1
DA:5,1
DA:6,1
DA:7,1
DA:8,1
DA:9,1
DA:10,1
DA:11,1
DA:12,1
LF:12
LH:12
BRF:0
BRH:0
end_of_record
TN:
SF:src/lib/http/lib.http.errorhandler.js
FN:3,_interopRequireDefault
FN:8,(anonymous_1)
FN:22,(anonymous_2)
FN:22,(anonymous_3)
FN:23,(anonymous_4)
FN:32,(anonymous_5)
FNF:6
FNH:1
FNDA:2,_interopRequireDefault
FNDA:0,(anonymous_1)
FNDA:0,(anonymous_2)
FNDA:0,(anonymous_3)
FNDA:0,(anonymous_4)
FNDA:0,(anonymous_5)
DA:1,1
DA:2,1
DA:3,2
DA:5,1
DA:8,1
DA:9,0
DA:10,0
DA:11,0
DA:12,0
DA:14,0
DA:20,1
DA:22,1
DA:23,0
DA:24,0
DA:25,0
DA:30,1
DA:32,1
LF:17
LH:9
BRDA:3,0,0,4
BRDA:3,0,1,2
BRDA:10,1,0,0
BRDA:10,1,1,0
BRDA:11,2,0,0
BRDA:11,2,1,0
BRDA:27,3,0,0
BRDA:27,3,1,0
BRF:8
BRH:2
end_of_record
TN:
SF:src/lib/http/lib.http.response.js
FN:3,_interopRequireDefault
FN:8,(anonymous_1)
FN:15,(anonymous_2)
FNF:3
FNH:1
FNDA:2,_interopRequireDefault
FNDA:0,(anonymous_1)
FNDA:0,(anonymous_2)
DA:1,1
DA:2,1
DA:3,2
DA:5,1
DA:7,1
DA:8,0
DA:16,0
DA:17,0
DA:18,0
DA:25,1
LF:10
LH:6
BRDA:3,0,0,3
BRDA:3,0,1,3
BRDA:12,1,0,0
BRDA:12,1,1,0
BRDA:15,2,0,0
BRDA:15,3,0,0
BRDA:15,4,0,0
BRDA:16,5,0,0
BRDA:16,5,1,0
BRF:9
BRH:2
end_of_record
